<?xml version="1.0" encoding="UTF-8"?>
<!-- Generated by org.testng.reporters.JUnitReportReporter -->
<testsuite skipped="0" hostname="Lenovo" name="jenkins.OpenBrowser" tests="1" failures="0" timestamp="2022-01-26T14:14:06 IST" time="55.031" errors="0">
  <testcase name="openBrowser" time="55.031" classname="jenkins.OpenBrowser"/>
  <system-out/>
</testsuite> <!-- jenkins.OpenBrowser -->
